<?xml version="1.0" encoding="UTF-8"?>
<!-- Generated by org.testng.reporters.JUnitReportReporter -->
<testsuite hostname="DESKTOP-O9UVPH9" failures="0" tests="6" name="testCasePages.LoginTestCase" time="8.839" errors="0" timestamp="2022-05-31T21:27:43 EDT" skipped="1">
  <testcase classname="testCasePages.LoginTestCase" name="ValidLogin" time="5.709"/>
  <system-out/>
  <testcase classname="testCasePages.LoginTestCase" name="AccountInfo" time="0.626"/>
  <system-out/>
  <testcase classname="testCasePages.LoginTestCase" name="TransferFunds" time="0.546"/>
  <system-out/>
  <testcase classname="testCasePages.LoginTestCase" name="AccountSummary" time="1.610"/>
  <system-out/>
  <testcase classname="testCasePages.LoginTestCase" name="LogOff" time="0.348"/>
  <system-out/>
  <testcase classname="testCasePages.LoginTestCase" name="InvalidLogin">
    <skipped/>
  </testcase> <!-- InvalidLogin -->
  <system-out/>
</testsuite> <!-- testCasePages.LoginTestCase -->
